
Showing logs for build [32mmeta-jstrachan-godemo45-master-q5hm4-2[0m stage [32mmeta-pipeline[0m and container [32mstep-credential-initializer-pqwrs[0m
{"level":"info","ts":1591373200.5058043,"logger":"fallback-logger","caller":"logging/config.go:69","msg":"Fetch GitHub commit ID from kodata failed: open /var/run/ko/refs/heads/0.8.0-ns-support: no such file or directory"}
{"level":"info","ts":1591373200.5063643,"logger":"fallback-logger","caller":"creds-init/main.go:40","msg":"Credentials initialized."}

Showing logs for build [32mmeta-jstrachan-godemo45-master-q5hm4-2[0m stage [32mmeta-pipeline[0m and container [32mstep-working-dir-initializer-pw97r[0m
{"level":"info","ts":1591373201.7812667,"logger":"fallback-logger","caller":"logging/config.go:69","msg":"Fetch GitHub commit ID from kodata failed: open /var/run/ko/HEAD: no such file or directory"}
{"level":"info","ts":1591373201.782683,"logger":"fallback-logger","caller":"bash/main.go:64","msg":"Successfully executed command \"sh -c mkdir -p /workspace/source\"; output "}

Showing logs for build [32mmeta-jstrachan-godemo45-master-q5hm4-2[0m stage [32mmeta-pipeline[0m and container [32mstep-place-tools[0m

Showing logs for build [32mmeta-jstrachan-godemo45-master-q5hm4-2[0m stage [32mmeta-pipeline[0m and container [32mstep-git-source-meta-jstrachan-godemo45-master-q5hm4-2cfrh[0m
{"level":"info","ts":1591373206.8978817,"logger":"fallback-logger","caller":"logging/config.go:69","msg":"Fetch GitHub commit ID from kodata failed: open /var/run/ko/refs/heads/0.8.0-ns-support: no such file or directory"}
{"level":"info","ts":1591373208.0037973,"logger":"fallback-logger","caller":"git/git.go:103","msg":"Successfully cloned https://github.com/jstrachan/godemo45.git @ cbf7082969a1e1c8dd7b8bca5236bdd5dd813583 in path /workspace/source"}

Showing logs for build [32mmeta-jstrachan-godemo45-master-q5hm4-2[0m stage [32mmeta-pipeline[0m and container [32mstep-git-merge[0m
Using SHAs from PULL_REFS=master:cbf7082969a1e1c8dd7b8bca5236bdd5dd813583
WARNING: no SHAs to merge, falling back to initial cloned commit

Showing logs for build [32mmeta-jstrachan-godemo45-master-q5hm4-2[0m stage [32mmeta-pipeline[0m and container [32mstep-merge-pull-refs[0m
SKIP merge-pull-refs: Nothing to merge

Showing logs for build [32mmeta-jstrachan-godemo45-master-q5hm4-2[0m stage [32mmeta-pipeline[0m and container [32mstep-create-effective-pipeline[0m
Effective pipeline written to jenkins-x-release-effective.yml

Showing logs for build [32mmeta-jstrachan-godemo45-master-q5hm4-2[0m stage [32mmeta-pipeline[0m and container [32mstep-create-tekton-crds[0m
running command: ** step next-version --use-git-tag-only
created new version: 0.0.1 and written to file: ./VERSION

running command: ** step tag --version \$(cat VERSION)
Updating chart version in charts/godemo45/Chart.yaml to 0.0.1
Tag v0.0.1 created and pushed to remote origin

running command: ** step next-version --filename package.json
error: open package.json: no such file or directory
error: failed to set the version on release pipelines: failed to run '/bin/sh -c ** step next-version --filename package.json' command in directory '/workspace/source', output: ''
[31m
Pipeline failed on stage 'meta-pipeline' : container 'step-create-tekton-crds'. The execution of the pipeline has stopped.[0m
